  [1m[36mDoctor Load (0.5ms)[0m  [1m[34mSELECT  "doctors".* FROM "doctors" LIMIT ?[0m  [["LIMIT", 11]]
  [1m[35m (0.1ms)[0m  [1m[34mSELECT sqlite_version(*)[0m
  ↳ bin/rails:9
  [1m[35m (13.2ms)[0m  [1m[35mCREATE TABLE "schema_migrations" ("version" varchar NOT NULL PRIMARY KEY)[0m
  ↳ bin/rails:9
  [1m[35m (11.5ms)[0m  [1m[35mCREATE TABLE "ar_internal_metadata" ("key" varchar NOT NULL PRIMARY KEY, "value" varchar, "created_at" datetime NOT NULL, "updated_at" datetime NOT NULL)[0m
  ↳ bin/rails:9
  [1m[35m (0.2ms)[0m  [1m[34mSELECT "schema_migrations"."version" FROM "schema_migrations" ORDER BY "schema_migrations"."version" ASC[0m
  ↳ bin/rails:9
  [1m[35m (0.2ms)[0m  [1m[34mSELECT "schema_migrations"."version" FROM "schema_migrations" ORDER BY "schema_migrations"."version" ASC[0m
  ↳ bin/rails:9
  [1m[35m (0.1ms)[0m  [1m[34mSELECT "schema_migrations"."version" FROM "schema_migrations" ORDER BY "schema_migrations"."version" ASC[0m
  ↳ bin/rails:9
Migrating to CreateDoctors (20200206094238)
  [1m[35m (0.1ms)[0m  [1m[36mbegin transaction[0m
  ↳ bin/rails:9
  [1m[35m (0.1ms)[0m  [1m[34mSELECT sqlite_version(*)[0m
  ↳ db/migrate/20200206094238_create_doctors.rb:3
  [1m[35m (0.4ms)[0m  [1m[35mCREATE TABLE "doctors" ("id" integer PRIMARY KEY AUTOINCREMENT NOT NULL, "first_name" varchar, "last_name" varchar, "specialty" varchar, "zipcode" varchar, "created_at" datetime NOT NULL, "updated_at" datetime NOT NULL)[0m
  ↳ db/migrate/20200206094238_create_doctors.rb:3
  [1m[36mActiveRecord::SchemaMigration Create (0.3ms)[0m  [1m[32mINSERT INTO "schema_migrations" ("version") VALUES (?)[0m  [["version", "20200206094238"]]
  ↳ bin/rails:9
  [1m[35m (9.4ms)[0m  [1m[36mcommit transaction[0m
  ↳ bin/rails:9
Migrating to CreatePatients (20200206094638)
  [1m[35m (0.1ms)[0m  [1m[36mbegin transaction[0m
  ↳ bin/rails:9
  [1m[35m (0.6ms)[0m  [1m[35mCREATE TABLE "patients" ("id" integer PRIMARY KEY AUTOINCREMENT NOT NULL, "first_name" varchar, "last_name" varchar, "created_at" datetime NOT NULL, "updated_at" datetime NOT NULL)[0m
  ↳ db/migrate/20200206094638_create_patients.rb:3
  [1m[36mActiveRecord::SchemaMigration Create (0.3ms)[0m  [1m[32mINSERT INTO "schema_migrations" ("version") VALUES (?)[0m  [["version", "20200206094638"]]
  ↳ bin/rails:9
  [1m[35m (8.4ms)[0m  [1m[36mcommit transaction[0m
  ↳ bin/rails:9
Migrating to CreateAppointments (20200206094722)
  [1m[35m (0.1ms)[0m  [1m[36mbegin transaction[0m
  ↳ bin/rails:9
  [1m[35m (0.5ms)[0m  [1m[35mCREATE TABLE "appointments" ("id" integer PRIMARY KEY AUTOINCREMENT NOT NULL, "date" datetime, "created_at" datetime NOT NULL, "updated_at" datetime NOT NULL)[0m
  ↳ db/migrate/20200206094722_create_appointments.rb:3
  [1m[36mActiveRecord::SchemaMigration Create (0.3ms)[0m  [1m[32mINSERT INTO "schema_migrations" ("version") VALUES (?)[0m  [["version", "20200206094722"]]
  ↳ bin/rails:9
  [1m[35m (15.2ms)[0m  [1m[36mcommit transaction[0m
  ↳ bin/rails:9
Migrating to AddIndexToAppointment (20200206100401)
  [1m[35m (0.1ms)[0m  [1m[36mbegin transaction[0m
  ↳ bin/rails:9
  [1m[35m (0.6ms)[0m  [1m[35mALTER TABLE "appointments" ADD "doctor_id" integer[0m
  ↳ db/migrate/20200206100401_add_index_to_appointment.rb:3
  [1m[35m (0.3ms)[0m  [1m[35mCREATE  INDEX "index_appointments_on_doctor_id" ON "appointments" ("doctor_id")[0m
  ↳ db/migrate/20200206100401_add_index_to_appointment.rb:3
  [1m[35m (0.4ms)[0m  [1m[35mALTER TABLE "appointments" ADD "patient_id" integer[0m
  ↳ db/migrate/20200206100401_add_index_to_appointment.rb:4
  [1m[35m (0.1ms)[0m  [1m[35mCREATE  INDEX "index_appointments_on_patient_id" ON "appointments" ("patient_id")[0m
  ↳ db/migrate/20200206100401_add_index_to_appointment.rb:4
  [1m[36mActiveRecord::SchemaMigration Create (0.2ms)[0m  [1m[32mINSERT INTO "schema_migrations" ("version") VALUES (?)[0m  [["version", "20200206100401"]]
  ↳ bin/rails:9
  [1m[35m (11.4ms)[0m  [1m[36mcommit transaction[0m
  ↳ bin/rails:9
  [1m[36mActiveRecord::InternalMetadata Load (0.6ms)[0m  [1m[34mSELECT  "ar_internal_metadata".* FROM "ar_internal_metadata" WHERE "ar_internal_metadata"."key" = ? LIMIT ?[0m  [["key", "environment"], ["LIMIT", 1]]
  ↳ bin/rails:9
  [1m[35m (0.1ms)[0m  [1m[36mbegin transaction[0m
  ↳ bin/rails:9
  [1m[36mActiveRecord::InternalMetadata Create (0.4ms)[0m  [1m[32mINSERT INTO "ar_internal_metadata" ("key", "value", "created_at", "updated_at") VALUES (?, ?, ?, ?)[0m  [["key", "environment"], ["value", "development"], ["created_at", "2020-02-06 11:23:16.009702"], ["updated_at", "2020-02-06 11:23:16.009702"]]
  ↳ bin/rails:9
  [1m[35m (17.4ms)[0m  [1m[36mcommit transaction[0m
  ↳ bin/rails:9
  [1m[35m (0.1ms)[0m  [1m[34mSELECT "schema_migrations"."version" FROM "schema_migrations" ORDER BY "schema_migrations"."version" ASC[0m
  ↳ bin/rails:9
  [1m[35m (0.1ms)[0m  [1m[34mSELECT "schema_migrations"."version" FROM "schema_migrations" ORDER BY "schema_migrations"."version" ASC[0m
  ↳ bin/rails:9
  [1m[35m (0.1ms)[0m  [1m[36mbegin transaction[0m
  ↳ db/seeds.rb:12
  [1m[36mPatient Create (0.6ms)[0m  [1m[32mINSERT INTO "patients" ("first_name", "created_at", "updated_at") VALUES (?, ?, ?)[0m  [["first_name", "Loki Brain"], ["created_at", "2020-02-06 11:23:51.073959"], ["updated_at", "2020-02-06 11:23:51.073959"]]
  ↳ db/seeds.rb:12
  [1m[35m (7.1ms)[0m  [1m[36mcommit transaction[0m
  ↳ db/seeds.rb:12
  [1m[35m (0.1ms)[0m  [1m[36mbegin transaction[0m
  ↳ db/seeds.rb:13
  [1m[36mDoctor Create (0.3ms)[0m  [1m[32mINSERT INTO "doctors" ("first_name", "created_at", "updated_at") VALUES (?, ?, ?)[0m  [["first_name", "Éowyn"], ["created_at", "2020-02-06 11:23:51.101943"], ["updated_at", "2020-02-06 11:23:51.101943"]]
  ↳ db/seeds.rb:13
  [1m[35m (13.9ms)[0m  [1m[36mcommit transaction[0m
  ↳ db/seeds.rb:13
  [1m[35m (0.2ms)[0m  [1m[36mbegin transaction[0m
  ↳ db/seeds.rb:12
  [1m[36mPatient Create (0.6ms)[0m  [1m[32mINSERT INTO "patients" ("first_name", "created_at", "updated_at") VALUES (?, ?, ?)[0m  [["first_name", "Stardust"], ["created_at", "2020-02-06 11:23:51.125897"], ["updated_at", "2020-02-06 11:23:51.125897"]]
  ↳ db/seeds.rb:12
  [1m[35m (7.4ms)[0m  [1m[36mcommit transaction[0m
  ↳ db/seeds.rb:12
  [1m[35m (0.1ms)[0m  [1m[36mbegin transaction[0m
  ↳ db/seeds.rb:13
  [1m[36mDoctor Create (0.4ms)[0m  [1m[32mINSERT INTO "doctors" ("first_name", "created_at", "updated_at") VALUES (?, ?, ?)[0m  [["first_name", "Grìma Wormtongue"], ["created_at", "2020-02-06 11:23:51.138263"], ["updated_at", "2020-02-06 11:23:51.138263"]]
  ↳ db/seeds.rb:13
  [1m[35m (9.6ms)[0m  [1m[36mcommit transaction[0m
  ↳ db/seeds.rb:13
  [1m[35m (0.1ms)[0m  [1m[36mbegin transaction[0m
  ↳ db/seeds.rb:12
  [1m[36mPatient Create (0.6ms)[0m  [1m[32mINSERT INTO "patients" ("first_name", "created_at", "updated_at") VALUES (?, ?, ?)[0m  [["first_name", "Overtkill"], ["created_at", "2020-02-06 11:23:51.152673"], ["updated_at", "2020-02-06 11:23:51.152673"]]
  ↳ db/seeds.rb:12
  [1m[35m (7.3ms)[0m  [1m[36mcommit transaction[0m
  ↳ db/seeds.rb:12
  [1m[35m (0.1ms)[0m  [1m[36mbegin transaction[0m
  ↳ db/seeds.rb:13
  [1m[36mDoctor Create (0.5ms)[0m  [1m[32mINSERT INTO "doctors" ("first_name", "created_at", "updated_at") VALUES (?, ?, ?)[0m  [["first_name", "Legolas"], ["created_at", "2020-02-06 11:23:51.166816"], ["updated_at", "2020-02-06 11:23:51.166816"]]
  ↳ db/seeds.rb:13
  [1m[35m (14.6ms)[0m  [1m[36mcommit transaction[0m
  ↳ db/seeds.rb:13
  [1m[35m (0.1ms)[0m  [1m[36mbegin transaction[0m
  ↳ db/seeds.rb:12
  [1m[36mPatient Create (0.7ms)[0m  [1m[32mINSERT INTO "patients" ("first_name", "created_at", "updated_at") VALUES (?, ?, ?)[0m  [["first_name", "Jack-Jack Brain"], ["created_at", "2020-02-06 11:23:51.187733"], ["updated_at", "2020-02-06 11:23:51.187733"]]
  ↳ db/seeds.rb:12
  [1m[35m (7.4ms)[0m  [1m[36mcommit transaction[0m
  ↳ db/seeds.rb:12
  [1m[35m (0.1ms)[0m  [1m[36mbegin transaction[0m
  ↳ db/seeds.rb:13
  [1m[36mDoctor Create (0.3ms)[0m  [1m[32mINSERT INTO "doctors" ("first_name", "created_at", "updated_at") VALUES (?, ?, ?)[0m  [["first_name", "Legolas"], ["created_at", "2020-02-06 11:23:51.201243"], ["updated_at", "2020-02-06 11:23:51.201243"]]
  ↳ db/seeds.rb:13
  [1m[35m (6.6ms)[0m  [1m[36mcommit transaction[0m
  ↳ db/seeds.rb:13
  [1m[35m (0.1ms)[0m  [1m[36mbegin transaction[0m
  ↳ db/seeds.rb:12
  [1m[36mPatient Create (0.4ms)[0m  [1m[32mINSERT INTO "patients" ("first_name", "created_at", "updated_at") VALUES (?, ?, ?)[0m  [["first_name", "Destroyer"], ["created_at", "2020-02-06 11:23:51.212481"], ["updated_at", "2020-02-06 11:23:51.212481"]]
  ↳ db/seeds.rb:12
  [1m[35m (7.3ms)[0m  [1m[36mcommit transaction[0m
  ↳ db/seeds.rb:12
  [1m[35m (0.1ms)[0m  [1m[36mbegin transaction[0m
  ↳ db/seeds.rb:13
  [1m[36mDoctor Create (0.5ms)[0m  [1m[32mINSERT INTO "doctors" ("first_name", "created_at", "updated_at") VALUES (?, ?, ?)[0m  [["first_name", "Shadowfax"], ["created_at", "2020-02-06 11:23:51.225630"], ["updated_at", "2020-02-06 11:23:51.225630"]]
  ↳ db/seeds.rb:13
  [1m[35m (7.0ms)[0m  [1m[36mcommit transaction[0m
  ↳ db/seeds.rb:13
  [1m[35m (0.1ms)[0m  [1m[36mbegin transaction[0m
  ↳ db/seeds.rb:12
  [1m[36mPatient Create (0.3ms)[0m  [1m[32mINSERT INTO "patients" ("first_name", "created_at", "updated_at") VALUES (?, ?, ?)[0m  [["first_name", "Frenzy"], ["created_at", "2020-02-06 11:23:51.238053"], ["updated_at", "2020-02-06 11:23:51.238053"]]
  ↳ db/seeds.rb:12
  [1m[35m (6.8ms)[0m  [1m[36mcommit transaction[0m
  ↳ db/seeds.rb:12
  [1m[35m (0.1ms)[0m  [1m[36mbegin transaction[0m
  ↳ db/seeds.rb:13
  [1m[36mDoctor Create (0.4ms)[0m  [1m[32mINSERT INTO "doctors" ("first_name", "created_at", "updated_at") VALUES (?, ?, ?)[0m  [["first_name", "Legolas"], ["created_at", "2020-02-06 11:23:51.249358"], ["updated_at", "2020-02-06 11:23:51.249358"]]
  ↳ db/seeds.rb:13
  [1m[35m (10.5ms)[0m  [1m[36mcommit transaction[0m
  ↳ db/seeds.rb:13
  [1m[35m (0.1ms)[0m  [1m[36mbegin transaction[0m
  ↳ db/seeds.rb:12
  [1m[36mPatient Create (0.4ms)[0m  [1m[32mINSERT INTO "patients" ("first_name", "created_at", "updated_at") VALUES (?, ?, ?)[0m  [["first_name", "Quantum"], ["created_at", "2020-02-06 11:23:51.266680"], ["updated_at", "2020-02-06 11:23:51.266680"]]
  ↳ db/seeds.rb:12
  [1m[35m (11.0ms)[0m  [1m[36mcommit transaction[0m
  ↳ db/seeds.rb:12
  [1m[35m (0.1ms)[0m  [1m[36mbegin transaction[0m
  ↳ db/seeds.rb:13
  [1m[36mDoctor Create (0.4ms)[0m  [1m[32mINSERT INTO "doctors" ("first_name", "created_at", "updated_at") VALUES (?, ?, ?)[0m  [["first_name", "Faramir"], ["created_at", "2020-02-06 11:23:51.282789"], ["updated_at", "2020-02-06 11:23:51.282789"]]
  ↳ db/seeds.rb:13
  [1m[35m (7.3ms)[0m  [1m[36mcommit transaction[0m
  ↳ db/seeds.rb:13
  [1m[35m (0.1ms)[0m  [1m[36mbegin transaction[0m
  ↳ db/seeds.rb:12
  [1m[36mPatient Create (0.4ms)[0m  [1m[32mINSERT INTO "patients" ("first_name", "created_at", "updated_at") VALUES (?, ?, ?)[0m  [["first_name", "Mera"], ["created_at", "2020-02-06 11:23:51.301121"], ["updated_at", "2020-02-06 11:23:51.301121"]]
  ↳ db/seeds.rb:12
  [1m[35m (10.9ms)[0m  [1m[36mcommit transaction[0m
  ↳ db/seeds.rb:12
  [1m[35m (0.1ms)[0m  [1m[36mbegin transaction[0m
  ↳ db/seeds.rb:13
  [1m[36mDoctor Create (0.5ms)[0m  [1m[32mINSERT INTO "doctors" ("first_name", "created_at", "updated_at") VALUES (?, ?, ?)[0m  [["first_name", "Shadowfax"], ["created_at", "2020-02-06 11:23:51.315645"], ["updated_at", "2020-02-06 11:23:51.315645"]]
  ↳ db/seeds.rb:13
  [1m[35m (10.9ms)[0m  [1m[36mcommit transaction[0m
  ↳ db/seeds.rb:13
  [1m[35m (0.1ms)[0m  [1m[36mbegin transaction[0m
  ↳ db/seeds.rb:12
  [1m[36mPatient Create (0.5ms)[0m  [1m[32mINSERT INTO "patients" ("first_name", "created_at", "updated_at") VALUES (?, ?, ?)[0m  [["first_name", "Hawk Strike"], ["created_at", "2020-02-06 11:23:51.332636"], ["updated_at", "2020-02-06 11:23:51.332636"]]
  ↳ db/seeds.rb:12
  [1m[35m (7.3ms)[0m  [1m[36mcommit transaction[0m
  ↳ db/seeds.rb:12
  [1m[35m (0.1ms)[0m  [1m[36mbegin transaction[0m
  ↳ db/seeds.rb:13
  [1m[36mDoctor Create (0.5ms)[0m  [1m[32mINSERT INTO "doctors" ("first_name", "created_at", "updated_at") VALUES (?, ?, ?)[0m  [["first_name", "Faramir"], ["created_at", "2020-02-06 11:23:51.345298"], ["updated_at", "2020-02-06 11:23:51.345298"]]
  ↳ db/seeds.rb:13
  [1m[35m (7.3ms)[0m  [1m[36mcommit transaction[0m
  ↳ db/seeds.rb:13
  [1m[35m (0.2ms)[0m  [1m[36mbegin transaction[0m
  ↳ db/seeds.rb:12
  [1m[36mPatient Create (0.7ms)[0m  [1m[32mINSERT INTO "patients" ("first_name", "created_at", "updated_at") VALUES (?, ?, ?)[0m  [["first_name", "Blob Lord"], ["created_at", "2020-02-06 11:23:51.359661"], ["updated_at", "2020-02-06 11:23:51.359661"]]
  ↳ db/seeds.rb:12
  [1m[35m (7.1ms)[0m  [1m[36mcommit transaction[0m
  ↳ db/seeds.rb:12
  [1m[35m (0.1ms)[0m  [1m[36mbegin transaction[0m
  ↳ db/seeds.rb:13
  [1m[36mDoctor Create (0.3ms)[0m  [1m[32mINSERT INTO "doctors" ("first_name", "created_at", "updated_at") VALUES (?, ?, ?)[0m  [["first_name", "Boromir"], ["created_at", "2020-02-06 11:23:51.372200"], ["updated_at", "2020-02-06 11:23:51.372200"]]
  ↳ db/seeds.rb:13
  [1m[35m (9.5ms)[0m  [1m[36mcommit transaction[0m
  ↳ db/seeds.rb:13
  [1m[35m (0.2ms)[0m  [1m[34mSELECT "schema_migrations"."version" FROM "schema_migrations" ORDER BY "schema_migrations"."version" ASC[0m
  ↳ bin/rails:9
  [1m[35m (0.1ms)[0m  [1m[36mbegin transaction[0m
  ↳ db/seeds.rb:15
  [1m[36mPatient Create (0.5ms)[0m  [1m[32mINSERT INTO "patients" ("first_name", "created_at", "updated_at") VALUES (?, ?, ?)[0m  [["first_name", "Ultra Bolt IX"], ["created_at", "2020-02-06 11:26:07.759958"], ["updated_at", "2020-02-06 11:26:07.759958"]]
  ↳ db/seeds.rb:15
  [1m[35m (9.8ms)[0m  [1m[36mcommit transaction[0m
  ↳ db/seeds.rb:15
  [1m[35m (0.1ms)[0m  [1m[36mbegin transaction[0m
  ↳ db/seeds.rb:16
  [1m[36mDoctor Create (0.5ms)[0m  [1m[32mINSERT INTO "doctors" ("first_name", "created_at", "updated_at") VALUES (?, ?, ?)[0m  [["first_name", "Boromir"], ["created_at", "2020-02-06 11:26:07.789826"], ["updated_at", "2020-02-06 11:26:07.789826"]]
  ↳ db/seeds.rb:16
  [1m[35m (16.2ms)[0m  [1m[36mcommit transaction[0m
  ↳ db/seeds.rb:16
  [1m[35m (0.1ms)[0m  [1m[36mbegin transaction[0m
  ↳ db/seeds.rb:15
  [1m[36mPatient Create (0.4ms)[0m  [1m[32mINSERT INTO "patients" ("first_name", "created_at", "updated_at") VALUES (?, ?, ?)[0m  [["first_name", "Bullseye"], ["created_at", "2020-02-06 11:26:07.810061"], ["updated_at", "2020-02-06 11:26:07.810061"]]
  ↳ db/seeds.rb:15
  [1m[35m (9.9ms)[0m  [1m[36mcommit transaction[0m
  ↳ db/seeds.rb:15
  [1m[35m (0.1ms)[0m  [1m[36mbegin transaction[0m
  ↳ db/seeds.rb:16
  [1m[36mDoctor Create (0.5ms)[0m  [1m[32mINSERT INTO "doctors" ("first_name", "created_at", "updated_at") VALUES (?, ?, ?)[0m  [["first_name", "Quickbeam"], ["created_at", "2020-02-06 11:26:07.826906"], ["updated_at", "2020-02-06 11:26:07.826906"]]
  ↳ db/seeds.rb:16
  [1m[35m (17.0ms)[0m  [1m[36mcommit transaction[0m
  ↳ db/seeds.rb:16
  [1m[35m (0.1ms)[0m  [1m[36mbegin transaction[0m
  ↳ db/seeds.rb:15
  [1m[36mPatient Create (0.5ms)[0m  [1m[32mINSERT INTO "patients" ("first_name", "created_at", "updated_at") VALUES (?, ?, ?)[0m  [["first_name", "Captain Violator Strike"], ["created_at", "2020-02-06 11:26:07.849982"], ["updated_at", "2020-02-06 11:26:07.849982"]]
  ↳ db/seeds.rb:15
  [1m[35m (19.3ms)[0m  [1m[36mcommit transaction[0m
  ↳ db/seeds.rb:15
  [1m[35m (0.1ms)[0m  [1m[36mbegin transaction[0m
  ↳ db/seeds.rb:16
  [1m[36mDoctor Create (0.4ms)[0m  [1m[32mINSERT INTO "doctors" ("first_name", "created_at", "updated_at") VALUES (?, ?, ?)[0m  [["first_name", "Frodo Baggins"], ["created_at", "2020-02-06 11:26:07.875085"], ["updated_at", "2020-02-06 11:26:07.875085"]]
  ↳ db/seeds.rb:16
  [1m[35m (13.3ms)[0m  [1m[36mcommit transaction[0m
  ↳ db/seeds.rb:16
  [1m[35m (0.2ms)[0m  [1m[36mbegin transaction[0m
  ↳ db/seeds.rb:15
  [1m[36mPatient Create (0.6ms)[0m  [1m[32mINSERT INTO "patients" ("first_name", "created_at", "updated_at") VALUES (?, ?, ?)[0m  [["first_name", "Cyborg A-Bomb Ivy"], ["created_at", "2020-02-06 11:26:07.895718"], ["updated_at", "2020-02-06 11:26:07.895718"]]
  ↳ db/seeds.rb:15
  [1m[35m (6.8ms)[0m  [1m[36mcommit transaction[0m
  ↳ db/seeds.rb:15
  [1m[35m (0.1ms)[0m  [1m[36mbegin transaction[0m
  ↳ db/seeds.rb:16
  [1m[36mDoctor Create (0.3ms)[0m  [1m[32mINSERT INTO "doctors" ("first_name", "created_at", "updated_at") VALUES (?, ?, ?)[0m  [["first_name", "Gimli"], ["created_at", "2020-02-06 11:26:07.907863"], ["updated_at", "2020-02-06 11:26:07.907863"]]
  ↳ db/seeds.rb:16
  [1m[35m (13.4ms)[0m  [1m[36mcommit transaction[0m
  ↳ db/seeds.rb:16
  [1m[35m (0.1ms)[0m  [1m[36mbegin transaction[0m
  ↳ db/seeds.rb:15
  [1m[36mPatient Create (0.5ms)[0m  [1m[32mINSERT INTO "patients" ("first_name", "created_at", "updated_at") VALUES (?, ?, ?)[0m  [["first_name", "Moon Knight"], ["created_at", "2020-02-06 11:26:07.926521"], ["updated_at", "2020-02-06 11:26:07.926521"]]
  ↳ db/seeds.rb:15
  [1m[35m (6.9ms)[0m  [1m[36mcommit transaction[0m
  ↳ db/seeds.rb:15
  [1m[35m (0.1ms)[0m  [1m[36mbegin transaction[0m
  ↳ db/seeds.rb:16
  [1m[36mDoctor Create (0.5ms)[0m  [1m[32mINSERT INTO "doctors" ("first_name", "created_at", "updated_at") VALUES (?, ?, ?)[0m  [["first_name", "Peregrin Took"], ["created_at", "2020-02-06 11:26:07.939152"], ["updated_at", "2020-02-06 11:26:07.939152"]]
  ↳ db/seeds.rb:16
  [1m[35m (7.2ms)[0m  [1m[36mcommit transaction[0m
  ↳ db/seeds.rb:16
  [1m[35m (0.1ms)[0m  [1m[36mbegin transaction[0m
  ↳ db/seeds.rb:15
  [1m[36mPatient Create (0.7ms)[0m  [1m[32mINSERT INTO "patients" ("first_name", "created_at", "updated_at") VALUES (?, ?, ?)[0m  [["first_name", "Magnificent Binary"], ["created_at", "2020-02-06 11:26:07.952126"], ["updated_at", "2020-02-06 11:26:07.952126"]]
  ↳ db/seeds.rb:15
  [1m[35m (10.4ms)[0m  [1m[36mcommit transaction[0m
  ↳ db/seeds.rb:15
  [1m[35m (0.1ms)[0m  [1m[36mbegin transaction[0m
  ↳ db/seeds.rb:16
  [1m[36mDoctor Create (0.4ms)[0m  [1m[32mINSERT INTO "doctors" ("first_name", "created_at", "updated_at") VALUES (?, ?, ?)[0m  [["first_name", "Tom Bombadil"], ["created_at", "2020-02-06 11:26:07.968444"], ["updated_at", "2020-02-06 11:26:07.968444"]]
  ↳ db/seeds.rb:16
  [1m[35m (9.4ms)[0m  [1m[36mcommit transaction[0m
  ↳ db/seeds.rb:16
  [1m[35m (0.1ms)[0m  [1m[36mbegin transaction[0m
  ↳ db/seeds.rb:15
  [1m[36mPatient Create (0.6ms)[0m  [1m[32mINSERT INTO "patients" ("first_name", "created_at", "updated_at") VALUES (?, ?, ?)[0m  [["first_name", "Vulture Brain"], ["created_at", "2020-02-06 11:26:07.984232"], ["updated_at", "2020-02-06 11:26:07.984232"]]
  ↳ db/seeds.rb:15
  [1m[35m (7.3ms)[0m  [1m[36mcommit transaction[0m
  ↳ db/seeds.rb:15
  [1m[35m (0.1ms)[0m  [1m[36mbegin transaction[0m
  ↳ db/seeds.rb:16
  [1m[36mDoctor Create (0.3ms)[0m  [1m[32mINSERT INTO "doctors" ("first_name", "created_at", "updated_at") VALUES (?, ?, ?)[0m  [["first_name", "Treebeard"], ["created_at", "2020-02-06 11:26:07.997405"], ["updated_at", "2020-02-06 11:26:07.997405"]]
  ↳ db/seeds.rb:16
  [1m[35m (6.7ms)[0m  [1m[36mcommit transaction[0m
  ↳ db/seeds.rb:16
  [1m[35m (0.1ms)[0m  [1m[36mbegin transaction[0m
  ↳ db/seeds.rb:15
  [1m[36mPatient Create (0.5ms)[0m  [1m[32mINSERT INTO "patients" ("first_name", "created_at", "updated_at") VALUES (?, ?, ?)[0m  [["first_name", "Hancock Brain"], ["created_at", "2020-02-06 11:26:08.009236"], ["updated_at", "2020-02-06 11:26:08.009236"]]
  ↳ db/seeds.rb:15
  [1m[35m (10.0ms)[0m  [1m[36mcommit transaction[0m
  ↳ db/seeds.rb:15
  [1m[35m (0.1ms)[0m  [1m[36mbegin transaction[0m
  ↳ db/seeds.rb:16
  [1m[36mDoctor Create (0.4ms)[0m  [1m[32mINSERT INTO "doctors" ("first_name", "created_at", "updated_at") VALUES (?, ?, ?)[0m  [["first_name", "Arwen Evenstar"], ["created_at", "2020-02-06 11:26:08.025025"], ["updated_at", "2020-02-06 11:26:08.025025"]]
  ↳ db/seeds.rb:16
  [1m[35m (9.5ms)[0m  [1m[36mcommit transaction[0m
  ↳ db/seeds.rb:16
  [1m[35m (0.1ms)[0m  [1m[36mbegin transaction[0m
  ↳ db/seeds.rb:15
  [1m[36mPatient Create (0.4ms)[0m  [1m[32mINSERT INTO "patients" ("first_name", "created_at", "updated_at") VALUES (?, ?, ?)[0m  [["first_name", "Ultra Vision Boy"], ["created_at", "2020-02-06 11:26:08.040095"], ["updated_at", "2020-02-06 11:26:08.040095"]]
  ↳ db/seeds.rb:15
  [1m[35m (7.1ms)[0m  [1m[36mcommit transaction[0m
  ↳ db/seeds.rb:15
  [1m[35m (0.1ms)[0m  [1m[36mbegin transaction[0m
  ↳ db/seeds.rb:16
  [1m[36mDoctor Create (0.6ms)[0m  [1m[32mINSERT INTO "doctors" ("first_name", "created_at", "updated_at") VALUES (?, ?, ?)[0m  [["first_name", "Treebeard"], ["created_at", "2020-02-06 11:26:08.052462"], ["updated_at", "2020-02-06 11:26:08.052462"]]
  ↳ db/seeds.rb:16
  [1m[35m (9.8ms)[0m  [1m[36mcommit transaction[0m
  ↳ db/seeds.rb:16
  [1m[35m (0.1ms)[0m  [1m[36mbegin transaction[0m
  ↳ db/seeds.rb:15
  [1m[36mPatient Create (0.4ms)[0m  [1m[32mINSERT INTO "patients" ("first_name", "created_at", "updated_at") VALUES (?, ?, ?)[0m  [["first_name", "Spider Skull"], ["created_at", "2020-02-06 11:26:08.068515"], ["updated_at", "2020-02-06 11:26:08.068515"]]
  ↳ db/seeds.rb:15
  [1m[35m (6.7ms)[0m  [1m[36mcommit transaction[0m
  ↳ db/seeds.rb:15
  [1m[35m (0.1ms)[0m  [1m[36mbegin transaction[0m
  ↳ db/seeds.rb:16
  [1m[36mDoctor Create (0.5ms)[0m  [1m[32mINSERT INTO "doctors" ("first_name", "created_at", "updated_at") VALUES (?, ?, ?)[0m  [["first_name", "Faramir"], ["created_at", "2020-02-06 11:26:08.095020"], ["updated_at", "2020-02-06 11:26:08.095020"]]
  ↳ db/seeds.rb:16
  [1m[35m (13.7ms)[0m  [1m[36mcommit transaction[0m
  ↳ db/seeds.rb:16
  [1m[35m (0.1ms)[0m  [1m[36mbegin transaction[0m
  ↳ db/seeds.rb:22
  [1m[36mAppointment Create (0.3ms)[0m  [1m[32mINSERT INTO "appointments" ("date", "created_at", "updated_at", "doctor_id", "patient_id") VALUES (?, ?, ?, ?, ?)[0m  [["date", "2020-03-06 00:00:00"], ["created_at", "2020-02-06 11:26:08.135313"], ["updated_at", "2020-02-06 11:26:08.135313"], ["doctor_id", 18], ["patient_id", 15]]
  ↳ db/seeds.rb:22
  [1m[35m (12.8ms)[0m  [1m[36mcommit transaction[0m
  ↳ db/seeds.rb:22
  [1m[35m (0.2ms)[0m  [1m[36mbegin transaction[0m
  ↳ db/seeds.rb:22
  [1m[36mAppointment Create (0.7ms)[0m  [1m[32mINSERT INTO "appointments" ("date", "created_at", "updated_at", "doctor_id", "patient_id") VALUES (?, ?, ?, ?, ?)[0m  [["date", "2020-04-15 00:00:00"], ["created_at", "2020-02-06 11:26:08.155095"], ["updated_at", "2020-02-06 11:26:08.155095"], ["doctor_id", 19], ["patient_id", 15]]
  ↳ db/seeds.rb:22
  [1m[35m (10.0ms)[0m  [1m[36mcommit transaction[0m
  ↳ db/seeds.rb:22
  [1m[35m (0.1ms)[0m  [1m[36mbegin transaction[0m
  ↳ db/seeds.rb:22
  [1m[36mAppointment Create (0.5ms)[0m  [1m[32mINSERT INTO "appointments" ("date", "created_at", "updated_at", "doctor_id", "patient_id") VALUES (?, ?, ?, ?, ?)[0m  [["date", "2020-03-08 00:00:00"], ["created_at", "2020-02-06 11:26:08.171345"], ["updated_at", "2020-02-06 11:26:08.171345"], ["doctor_id", 15], ["patient_id", 20]]
  ↳ db/seeds.rb:22
  [1m[35m (7.0ms)[0m  [1m[36mcommit transaction[0m
  ↳ db/seeds.rb:22
  [1m[35m (0.1ms)[0m  [1m[36mbegin transaction[0m
  ↳ db/seeds.rb:22
  [1m[36mAppointment Create (0.6ms)[0m  [1m[32mINSERT INTO "appointments" ("date", "created_at", "updated_at", "doctor_id", "patient_id") VALUES (?, ?, ?, ?, ?)[0m  [["date", "2020-04-13 00:00:00"], ["created_at", "2020-02-06 11:26:08.184097"], ["updated_at", "2020-02-06 11:26:08.184097"], ["doctor_id", 12], ["patient_id", 12]]
  ↳ db/seeds.rb:22
  [1m[35m (7.2ms)[0m  [1m[36mcommit transaction[0m
  ↳ db/seeds.rb:22
  [1m[35m (0.2ms)[0m  [1m[36mbegin transaction[0m
  ↳ db/seeds.rb:22
  [1m[36mAppointment Create (0.5ms)[0m  [1m[32mINSERT INTO "appointments" ("date", "created_at", "updated_at", "doctor_id", "patient_id") VALUES (?, ?, ?, ?, ?)[0m  [["date", "2020-05-01 00:00:00"], ["created_at", "2020-02-06 11:26:08.198484"], ["updated_at", "2020-02-06 11:26:08.198484"], ["doctor_id", 17], ["patient_id", 18]]
  ↳ db/seeds.rb:22
  [1m[35m (6.8ms)[0m  [1m[36mcommit transaction[0m
  ↳ db/seeds.rb:22
  [1m[35m (0.1ms)[0m  [1m[36mbegin transaction[0m
  ↳ db/seeds.rb:22
  [1m[36mAppointment Create (0.9ms)[0m  [1m[32mINSERT INTO "appointments" ("date", "created_at", "updated_at", "doctor_id", "patient_id") VALUES (?, ?, ?, ?, ?)[0m  [["date", "2020-04-23 00:00:00"], ["created_at", "2020-02-06 11:26:08.210689"], ["updated_at", "2020-02-06 11:26:08.210689"], ["doctor_id", 18], ["patient_id", 20]]
  ↳ db/seeds.rb:22
  [1m[35m (10.0ms)[0m  [1m[36mcommit transaction[0m
  ↳ db/seeds.rb:22
  [1m[35m (0.1ms)[0m  [1m[36mbegin transaction[0m
  ↳ db/seeds.rb:22
  [1m[36mAppointment Create (1.6ms)[0m  [1m[32mINSERT INTO "appointments" ("date", "created_at", "updated_at", "doctor_id", "patient_id") VALUES (?, ?, ?, ?, ?)[0m  [["date", "2020-03-14 00:00:00"], ["created_at", "2020-02-06 11:26:08.228014"], ["updated_at", "2020-02-06 11:26:08.228014"], ["doctor_id", 17], ["patient_id", 17]]
  ↳ db/seeds.rb:22
  [1m[35m (7.5ms)[0m  [1m[36mcommit transaction[0m
  ↳ db/seeds.rb:22
  [1m[35m (0.1ms)[0m  [1m[36mbegin transaction[0m
  ↳ db/seeds.rb:22
  [1m[36mAppointment Create (0.3ms)[0m  [1m[32mINSERT INTO "appointments" ("date", "created_at", "updated_at", "doctor_id", "patient_id") VALUES (?, ?, ?, ?, ?)[0m  [["date", "2020-03-03 00:00:00"], ["created_at", "2020-02-06 11:26:08.242482"], ["updated_at", "2020-02-06 11:26:08.242482"], ["doctor_id", 16], ["patient_id", 12]]
  ↳ db/seeds.rb:22
  [1m[35m (21.7ms)[0m  [1m[36mcommit transaction[0m
  ↳ db/seeds.rb:22
  [1m[35m (0.1ms)[0m  [1m[36mbegin transaction[0m
  ↳ db/seeds.rb:22
  [1m[36mAppointment Create (0.6ms)[0m  [1m[32mINSERT INTO "appointments" ("date", "created_at", "updated_at", "doctor_id", "patient_id") VALUES (?, ?, ?, ?, ?)[0m  [["date", "2020-03-28 00:00:00"], ["created_at", "2020-02-06 11:26:08.269402"], ["updated_at", "2020-02-06 11:26:08.269402"], ["doctor_id", 20], ["patient_id", 16]]
  ↳ db/seeds.rb:22
  [1m[35m (13.8ms)[0m  [1m[36mcommit transaction[0m
  ↳ db/seeds.rb:22
  [1m[35m (0.1ms)[0m  [1m[36mbegin transaction[0m
  ↳ db/seeds.rb:22
  [1m[36mAppointment Create (0.6ms)[0m  [1m[32mINSERT INTO "appointments" ("date", "created_at", "updated_at", "doctor_id", "patient_id") VALUES (?, ?, ?, ?, ?)[0m  [["date", "2020-07-13 00:00:00"], ["created_at", "2020-02-06 11:26:08.290575"], ["updated_at", "2020-02-06 11:26:08.290575"], ["doctor_id", 12], ["patient_id", 13]]
  ↳ db/seeds.rb:22
  [1m[35m (11.0ms)[0m  [1m[36mcommit transaction[0m
  ↳ db/seeds.rb:22
  [1m[36mAppointment Load (1.0ms)[0m  [1m[34mSELECT "appointments".* FROM "appointments"[0m
  [1m[36mPatient Load (0.2ms)[0m  [1m[34mSELECT "patients".* FROM "patients"[0m
  [1m[36mPatient Load (0.8ms)[0m  [1m[34mSELECT "patients".* FROM "patients"[0m
  [1m[35m (0.1ms)[0m  [1m[36mbegin transaction[0m
  [1m[36mPatient Destroy (0.4ms)[0m  [1m[31mDELETE FROM "patients" WHERE "patients"."id" = ?[0m  [["id", 1]]
  [1m[35m (14.5ms)[0m  [1m[36mcommit transaction[0m
  [1m[35m (0.1ms)[0m  [1m[36mbegin transaction[0m
  [1m[36mPatient Destroy (0.5ms)[0m  [1m[31mDELETE FROM "patients" WHERE "patients"."id" = ?[0m  [["id", 2]]
  [1m[35m (6.9ms)[0m  [1m[36mcommit transaction[0m
  [1m[35m (0.1ms)[0m  [1m[36mbegin transaction[0m
  [1m[36mPatient Destroy (0.4ms)[0m  [1m[31mDELETE FROM "patients" WHERE "patients"."id" = ?[0m  [["id", 3]]
  [1m[35m (9.2ms)[0m  [1m[36mcommit transaction[0m
  [1m[35m (0.1ms)[0m  [1m[36mbegin transaction[0m
  [1m[36mPatient Destroy (0.2ms)[0m  [1m[31mDELETE FROM "patients" WHERE "patients"."id" = ?[0m  [["id", 4]]
  [1m[35m (6.8ms)[0m  [1m[36mcommit transaction[0m
  [1m[35m (0.1ms)[0m  [1m[36mbegin transaction[0m
  [1m[36mPatient Destroy (0.6ms)[0m  [1m[31mDELETE FROM "patients" WHERE "patients"."id" = ?[0m  [["id", 5]]
  [1m[35m (7.0ms)[0m  [1m[36mcommit transaction[0m
  [1m[35m (0.1ms)[0m  [1m[36mbegin transaction[0m
  [1m[36mPatient Destroy (0.4ms)[0m  [1m[31mDELETE FROM "patients" WHERE "patients"."id" = ?[0m  [["id", 6]]
  [1m[35m (12.9ms)[0m  [1m[36mcommit transaction[0m
  [1m[35m (0.1ms)[0m  [1m[36mbegin transaction[0m
  [1m[36mPatient Destroy (0.3ms)[0m  [1m[31mDELETE FROM "patients" WHERE "patients"."id" = ?[0m  [["id", 7]]
  [1m[35m (14.0ms)[0m  [1m[36mcommit transaction[0m
  [1m[35m (0.1ms)[0m  [1m[36mbegin transaction[0m
  [1m[36mPatient Destroy (0.5ms)[0m  [1m[31mDELETE FROM "patients" WHERE "patients"."id" = ?[0m  [["id", 8]]
  [1m[35m (9.8ms)[0m  [1m[36mcommit transaction[0m
  [1m[35m (0.1ms)[0m  [1m[36mbegin transaction[0m
  [1m[36mPatient Destroy (0.4ms)[0m  [1m[31mDELETE FROM "patients" WHERE "patients"."id" = ?[0m  [["id", 9]]
  [1m[35m (9.9ms)[0m  [1m[36mcommit transaction[0m
  [1m[35m (0.1ms)[0m  [1m[36mbegin transaction[0m
  [1m[36mPatient Destroy (0.6ms)[0m  [1m[31mDELETE FROM "patients" WHERE "patients"."id" = ?[0m  [["id", 10]]
  [1m[35m (7.6ms)[0m  [1m[36mcommit transaction[0m
  [1m[35m (0.1ms)[0m  [1m[36mbegin transaction[0m
  [1m[36mPatient Destroy (0.4ms)[0m  [1m[31mDELETE FROM "patients" WHERE "patients"."id" = ?[0m  [["id", 11]]
  [1m[35m (13.4ms)[0m  [1m[36mcommit transaction[0m
  [1m[35m (0.1ms)[0m  [1m[36mbegin transaction[0m
  [1m[36mPatient Destroy (0.3ms)[0m  [1m[31mDELETE FROM "patients" WHERE "patients"."id" = ?[0m  [["id", 12]]
  [1m[35m (12.8ms)[0m  [1m[36mcommit transaction[0m
  [1m[35m (0.1ms)[0m  [1m[36mbegin transaction[0m
  [1m[36mPatient Destroy (0.5ms)[0m  [1m[31mDELETE FROM "patients" WHERE "patients"."id" = ?[0m  [["id", 13]]
  [1m[35m (7.0ms)[0m  [1m[36mcommit transaction[0m
  [1m[35m (0.1ms)[0m  [1m[36mbegin transaction[0m
  [1m[36mPatient Destroy (0.4ms)[0m  [1m[31mDELETE FROM "patients" WHERE "patients"."id" = ?[0m  [["id", 14]]
  [1m[35m (11.0ms)[0m  [1m[36mcommit transaction[0m
  [1m[35m (0.1ms)[0m  [1m[36mbegin transaction[0m
  [1m[36mPatient Destroy (0.3ms)[0m  [1m[31mDELETE FROM "patients" WHERE "patients"."id" = ?[0m  [["id", 15]]
  [1m[35m (6.7ms)[0m  [1m[36mcommit transaction[0m
  [1m[35m (0.1ms)[0m  [1m[36mbegin transaction[0m
  [1m[36mPatient Destroy (0.6ms)[0m  [1m[31mDELETE FROM "patients" WHERE "patients"."id" = ?[0m  [["id", 16]]
  [1m[35m (13.3ms)[0m  [1m[36mcommit transaction[0m
  [1m[35m (0.1ms)[0m  [1m[36mbegin transaction[0m
  [1m[36mPatient Destroy (0.4ms)[0m  [1m[31mDELETE FROM "patients" WHERE "patients"."id" = ?[0m  [["id", 17]]
  [1m[35m (9.9ms)[0m  [1m[36mcommit transaction[0m
  [1m[35m (0.1ms)[0m  [1m[36mbegin transaction[0m
  [1m[36mPatient Destroy (0.2ms)[0m  [1m[31mDELETE FROM "patients" WHERE "patients"."id" = ?[0m  [["id", 18]]
  [1m[35m (6.8ms)[0m  [1m[36mcommit transaction[0m
  [1m[35m (0.1ms)[0m  [1m[36mbegin transaction[0m
  [1m[36mPatient Destroy (0.5ms)[0m  [1m[31mDELETE FROM "patients" WHERE "patients"."id" = ?[0m  [["id", 19]]
  [1m[35m (7.1ms)[0m  [1m[36mcommit transaction[0m
  [1m[35m (0.1ms)[0m  [1m[36mbegin transaction[0m
  [1m[36mPatient Destroy (0.4ms)[0m  [1m[31mDELETE FROM "patients" WHERE "patients"."id" = ?[0m  [["id", 20]]
  [1m[35m (10.8ms)[0m  [1m[36mcommit transaction[0m
  [1m[36mDoctor Load (0.5ms)[0m  [1m[34mSELECT "doctors".* FROM "doctors"[0m
  [1m[35m (0.1ms)[0m  [1m[36mbegin transaction[0m
  [1m[36mDoctor Destroy (0.3ms)[0m  [1m[31mDELETE FROM "doctors" WHERE "doctors"."id" = ?[0m  [["id", 1]]
  [1m[35m (10.6ms)[0m  [1m[36mcommit transaction[0m
  [1m[35m (0.1ms)[0m  [1m[36mbegin transaction[0m
  [1m[36mDoctor Destroy (0.5ms)[0m  [1m[31mDELETE FROM "doctors" WHERE "doctors"."id" = ?[0m  [["id", 2]]
  [1m[35m (13.6ms)[0m  [1m[36mcommit transaction[0m
  [1m[35m (0.2ms)[0m  [1m[36mbegin transaction[0m
  [1m[36mDoctor Destroy (0.5ms)[0m  [1m[31mDELETE FROM "doctors" WHERE "doctors"."id" = ?[0m  [["id", 3]]
  [1m[35m (7.6ms)[0m  [1m[36mcommit transaction[0m
  [1m[35m (0.1ms)[0m  [1m[36mbegin transaction[0m
  [1m[36mDoctor Destroy (0.3ms)[0m  [1m[31mDELETE FROM "doctors" WHERE "doctors"."id" = ?[0m  [["id", 4]]
  [1m[35m (7.4ms)[0m  [1m[36mcommit transaction[0m
  [1m[35m (0.1ms)[0m  [1m[36mbegin transaction[0m
  [1m[36mDoctor Destroy (0.6ms)[0m  [1m[31mDELETE FROM "doctors" WHERE "doctors"."id" = ?[0m  [["id", 5]]
  [1m[35m (7.4ms)[0m  [1m[36mcommit transaction[0m
  [1m[35m (0.1ms)[0m  [1m[36mbegin transaction[0m
  [1m[36mDoctor Destroy (0.5ms)[0m  [1m[31mDELETE FROM "doctors" WHERE "doctors"."id" = ?[0m  [["id", 6]]
  [1m[35m (10.1ms)[0m  [1m[36mcommit transaction[0m
  [1m[35m (0.1ms)[0m  [1m[36mbegin transaction[0m
  [1m[36mDoctor Destroy (0.4ms)[0m  [1m[31mDELETE FROM "doctors" WHERE "doctors"."id" = ?[0m  [["id", 7]]
  [1m[35m (7.3ms)[0m  [1m[36mcommit transaction[0m
  [1m[35m (0.2ms)[0m  [1m[36mbegin transaction[0m
  [1m[36mDoctor Destroy (0.4ms)[0m  [1m[31mDELETE FROM "doctors" WHERE "doctors"."id" = ?[0m  [["id", 8]]
  [1m[35m (7.2ms)[0m  [1m[36mcommit transaction[0m
  [1m[35m (0.2ms)[0m  [1m[36mbegin transaction[0m
  [1m[36mDoctor Destroy (0.6ms)[0m  [1m[31mDELETE FROM "doctors" WHERE "doctors"."id" = ?[0m  [["id", 9]]
  [1m[35m (7.2ms)[0m  [1m[36mcommit transaction[0m
  [1m[35m (0.1ms)[0m  [1m[36mbegin transaction[0m
  [1m[36mDoctor Destroy (0.4ms)[0m  [1m[31mDELETE FROM "doctors" WHERE "doctors"."id" = ?[0m  [["id", 10]]
  [1m[35m (9.7ms)[0m  [1m[36mcommit transaction[0m
  [1m[35m (0.1ms)[0m  [1m[36mbegin transaction[0m
  [1m[36mDoctor Destroy (0.4ms)[0m  [1m[31mDELETE FROM "doctors" WHERE "doctors"."id" = ?[0m  [["id", 11]]
  [1m[35m (14.0ms)[0m  [1m[36mcommit transaction[0m
  [1m[35m (0.1ms)[0m  [1m[36mbegin transaction[0m
  [1m[36mDoctor Destroy (0.5ms)[0m  [1m[31mDELETE FROM "doctors" WHERE "doctors"."id" = ?[0m  [["id", 12]]
  [1m[35m (7.3ms)[0m  [1m[36mcommit transaction[0m
  [1m[35m (0.1ms)[0m  [1m[36mbegin transaction[0m
  [1m[36mDoctor Destroy (0.4ms)[0m  [1m[31mDELETE FROM "doctors" WHERE "doctors"."id" = ?[0m  [["id", 13]]
  [1m[35m (7.6ms)[0m  [1m[36mcommit transaction[0m
  [1m[35m (0.0ms)[0m  [1m[36mbegin transaction[0m
  [1m[36mDoctor Destroy (0.3ms)[0m  [1m[31mDELETE FROM "doctors" WHERE "doctors"."id" = ?[0m  [["id", 14]]
  [1m[35m (6.9ms)[0m  [1m[36mcommit transaction[0m
  [1m[35m (0.1ms)[0m  [1m[36mbegin transaction[0m
  [1m[36mDoctor Destroy (0.4ms)[0m  [1m[31mDELETE FROM "doctors" WHERE "doctors"."id" = ?[0m  [["id", 15]]
  [1m[35m (10.2ms)[0m  [1m[36mcommit transaction[0m
  [1m[35m (0.1ms)[0m  [1m[36mbegin transaction[0m
  [1m[36mDoctor Destroy (0.4ms)[0m  [1m[31mDELETE FROM "doctors" WHERE "doctors"."id" = ?[0m  [["id", 16]]
  [1m[35m (10.0ms)[0m  [1m[36mcommit transaction[0m
  [1m[35m (0.1ms)[0m  [1m[36mbegin transaction[0m
  [1m[36mDoctor Destroy (0.4ms)[0m  [1m[31mDELETE FROM "doctors" WHERE "doctors"."id" = ?[0m  [["id", 17]]
  [1m[35m (17.5ms)[0m  [1m[36mcommit transaction[0m
  [1m[35m (0.1ms)[0m  [1m[36mbegin transaction[0m
  [1m[36mDoctor Destroy (0.4ms)[0m  [1m[31mDELETE FROM "doctors" WHERE "doctors"."id" = ?[0m  [["id", 18]]
  [1m[35m (9.6ms)[0m  [1m[36mcommit transaction[0m
  [1m[35m (0.1ms)[0m  [1m[36mbegin transaction[0m
  [1m[36mDoctor Destroy (0.2ms)[0m  [1m[31mDELETE FROM "doctors" WHERE "doctors"."id" = ?[0m  [["id", 19]]
  [1m[35m (9.5ms)[0m  [1m[36mcommit transaction[0m
  [1m[35m (0.1ms)[0m  [1m[36mbegin transaction[0m
  [1m[36mDoctor Destroy (0.4ms)[0m  [1m[31mDELETE FROM "doctors" WHERE "doctors"."id" = ?[0m  [["id", 20]]
  [1m[35m (7.3ms)[0m  [1m[36mcommit transaction[0m
  [1m[36mAppointment Load (0.3ms)[0m  [1m[34mSELECT "appointments".* FROM "appointments"[0m
  [1m[35m (0.1ms)[0m  [1m[36mbegin transaction[0m
  [1m[36mAppointment Destroy (0.3ms)[0m  [1m[31mDELETE FROM "appointments" WHERE "appointments"."id" = ?[0m  [["id", 1]]
  [1m[35m (10.2ms)[0m  [1m[36mcommit transaction[0m
  [1m[35m (0.1ms)[0m  [1m[36mbegin transaction[0m
  [1m[36mAppointment Destroy (0.5ms)[0m  [1m[31mDELETE FROM "appointments" WHERE "appointments"."id" = ?[0m  [["id", 2]]
  [1m[35m (9.7ms)[0m  [1m[36mcommit transaction[0m
  [1m[35m (0.1ms)[0m  [1m[36mbegin transaction[0m
  [1m[36mAppointment Destroy (0.6ms)[0m  [1m[31mDELETE FROM "appointments" WHERE "appointments"."id" = ?[0m  [["id", 3]]
  [1m[35m (8.3ms)[0m  [1m[36mcommit transaction[0m
  [1m[35m (0.1ms)[0m  [1m[36mbegin transaction[0m
  [1m[36mAppointment Destroy (0.5ms)[0m  [1m[31mDELETE FROM "appointments" WHERE "appointments"."id" = ?[0m  [["id", 4]]
  [1m[35m (11.5ms)[0m  [1m[36mcommit transaction[0m
  [1m[35m (0.2ms)[0m  [1m[36mbegin transaction[0m
  [1m[36mAppointment Destroy (0.4ms)[0m  [1m[31mDELETE FROM "appointments" WHERE "appointments"."id" = ?[0m  [["id", 5]]
  [1m[35m (10.9ms)[0m  [1m[36mcommit transaction[0m
  [1m[35m (0.2ms)[0m  [1m[36mbegin transaction[0m
  [1m[36mAppointment Destroy (0.6ms)[0m  [1m[31mDELETE FROM "appointments" WHERE "appointments"."id" = ?[0m  [["id", 6]]
  [1m[35m (7.3ms)[0m  [1m[36mcommit transaction[0m
  [1m[35m (0.1ms)[0m  [1m[36mbegin transaction[0m
  [1m[36mAppointment Destroy (0.5ms)[0m  [1m[31mDELETE FROM "appointments" WHERE "appointments"."id" = ?[0m  [["id", 7]]
  [1m[35m (7.1ms)[0m  [1m[36mcommit transaction[0m
  [1m[35m (0.1ms)[0m  [1m[36mbegin transaction[0m
  [1m[36mAppointment Destroy (0.4ms)[0m  [1m[31mDELETE FROM "appointments" WHERE "appointments"."id" = ?[0m  [["id", 8]]
  [1m[35m (7.2ms)[0m  [1m[36mcommit transaction[0m
  [1m[35m (0.1ms)[0m  [1m[36mbegin transaction[0m
  [1m[36mAppointment Destroy (0.4ms)[0m  [1m[31mDELETE FROM "appointments" WHERE "appointments"."id" = ?[0m  [["id", 9]]
  [1m[35m (11.7ms)[0m  [1m[36mcommit transaction[0m
  [1m[35m (0.1ms)[0m  [1m[36mbegin transaction[0m
  [1m[36mAppointment Destroy (0.4ms)[0m  [1m[31mDELETE FROM "appointments" WHERE "appointments"."id" = ?[0m  [["id", 10]]
  [1m[35m (7.4ms)[0m  [1m[36mcommit transaction[0m
  [1m[35m (0.1ms)[0m  [1m[34mSELECT "schema_migrations"."version" FROM "schema_migrations" ORDER BY "schema_migrations"."version" ASC[0m
  ↳ bin/rails:9
  [1m[35m (0.1ms)[0m  [1m[36mbegin transaction[0m
  ↳ db/seeds.rb:15
  [1m[36mPatient Create (0.5ms)[0m  [1m[32mINSERT INTO "patients" ("first_name", "created_at", "updated_at") VALUES (?, ?, ?)[0m  [["first_name", "Ant of Hearts"], ["created_at", "2020-02-06 11:28:53.499602"], ["updated_at", "2020-02-06 11:28:53.499602"]]
  ↳ db/seeds.rb:15
  [1m[35m (10.4ms)[0m  [1m[36mcommit transaction[0m
  ↳ db/seeds.rb:15
  [1m[35m (0.1ms)[0m  [1m[36mbegin transaction[0m
  ↳ db/seeds.rb:16
  [1m[36mDoctor Create (0.9ms)[0m  [1m[32mINSERT INTO "doctors" ("first_name", "created_at", "updated_at") VALUES (?, ?, ?)[0m  [["first_name", "Treebeard"], ["created_at", "2020-02-06 11:28:53.527400"], ["updated_at", "2020-02-06 11:28:53.527400"]]
  ↳ db/seeds.rb:16
  [1m[35m (13.2ms)[0m  [1m[36mcommit transaction[0m
  ↳ db/seeds.rb:16
  [1m[35m (0.1ms)[0m  [1m[36mbegin transaction[0m
  ↳ db/seeds.rb:15
  [1m[36mPatient Create (0.5ms)[0m  [1m[32mINSERT INTO "patients" ("first_name", "created_at", "updated_at") VALUES (?, ?, ?)[0m  [["first_name", "Cheetah"], ["created_at", "2020-02-06 11:28:53.545570"], ["updated_at", "2020-02-06 11:28:53.545570"]]
  ↳ db/seeds.rb:15
  [1m[35m (7.2ms)[0m  [1m[36mcommit transaction[0m
  ↳ db/seeds.rb:15
  [1m[35m (0.2ms)[0m  [1m[36mbegin transaction[0m
  ↳ db/seeds.rb:16
  [1m[36mDoctor Create (0.6ms)[0m  [1m[32mINSERT INTO "doctors" ("first_name", "created_at", "updated_at") VALUES (?, ?, ?)[0m  [["first_name", "Galadriel"], ["created_at", "2020-02-06 11:28:53.559260"], ["updated_at", "2020-02-06 11:28:53.559260"]]
  ↳ db/seeds.rb:16
  [1m[35m (17.1ms)[0m  [1m[36mcommit transaction[0m
  ↳ db/seeds.rb:16
  [1m[35m (0.1ms)[0m  [1m[36mbegin transaction[0m
  ↳ db/seeds.rb:15
  [1m[36mPatient Create (0.4ms)[0m  [1m[32mINSERT INTO "patients" ("first_name", "created_at", "updated_at") VALUES (?, ?, ?)[0m  [["first_name", "General Synch"], ["created_at", "2020-02-06 11:28:53.582542"], ["updated_at", "2020-02-06 11:28:53.582542"]]
  ↳ db/seeds.rb:15
  [1m[35m (10.2ms)[0m  [1m[36mcommit transaction[0m
  ↳ db/seeds.rb:15
  [1m[35m (0.1ms)[0m  [1m[36mbegin transaction[0m
  ↳ db/seeds.rb:16
  [1m[36mDoctor Create (0.5ms)[0m  [1m[32mINSERT INTO "doctors" ("first_name", "created_at", "updated_at") VALUES (?, ?, ?)[0m  [["first_name", "Gandalf the Grey"], ["created_at", "2020-02-06 11:28:53.598566"], ["updated_at", "2020-02-06 11:28:53.598566"]]
  ↳ db/seeds.rb:16
  [1m[35m (10.0ms)[0m  [1m[36mcommit transaction[0m
  ↳ db/seeds.rb:16
  [1m[35m (0.1ms)[0m  [1m[36mbegin transaction[0m
  ↳ db/seeds.rb:15
  [1m[36mPatient Create (0.5ms)[0m  [1m[32mINSERT INTO "patients" ("first_name", "created_at", "updated_at") VALUES (?, ?, ?)[0m  [["first_name", "Dark Two-Face Eyes"], ["created_at", "2020-02-06 11:28:53.613981"], ["updated_at", "2020-02-06 11:28:53.613981"]]
  ↳ db/seeds.rb:15
  [1m[35m (13.8ms)[0m  [1m[36mcommit transaction[0m
  ↳ db/seeds.rb:15
  [1m[35m (0.1ms)[0m  [1m[36mbegin transaction[0m
  ↳ db/seeds.rb:16
  [1m[36mDoctor Create (0.4ms)[0m  [1m[32mINSERT INTO "doctors" ("first_name", "created_at", "updated_at") VALUES (?, ?, ?)[0m  [["first_name", "Meriadoc Brandybuck"], ["created_at", "2020-02-06 11:28:53.633501"], ["updated_at", "2020-02-06 11:28:53.633501"]]
  ↳ db/seeds.rb:16
  [1m[35m (13.7ms)[0m  [1m[36mcommit transaction[0m
  ↳ db/seeds.rb:16
  [1m[35m (0.1ms)[0m  [1m[36mbegin transaction[0m
  ↳ db/seeds.rb:15
  [1m[36mPatient Create (0.4ms)[0m  [1m[32mINSERT INTO "patients" ("first_name", "created_at", "updated_at") VALUES (?, ?, ?)[0m  [["first_name", "Ben III"], ["created_at", "2020-02-06 11:28:53.652387"], ["updated_at", "2020-02-06 11:28:53.652387"]]
  ↳ db/seeds.rb:15
  [1m[35m (14.2ms)[0m  [1m[36mcommit transaction[0m
  ↳ db/seeds.rb:15
  [1m[35m (0.1ms)[0m  [1m[36mbegin transaction[0m
  ↳ db/seeds.rb:16
  [1m[36mDoctor Create (0.4ms)[0m  [1m[32mINSERT INTO "doctors" ("first_name", "created_at", "updated_at") VALUES (?, ?, ?)[0m  [["first_name", "Éowyn"], ["created_at", "2020-02-06 11:28:53.671478"], ["updated_at", "2020-02-06 11:28:53.671478"]]
  ↳ db/seeds.rb:16
  [1m[35m (7.0ms)[0m  [1m[36mcommit transaction[0m
  ↳ db/seeds.rb:16
  [1m[35m (0.1ms)[0m  [1m[36mbegin transaction[0m
  ↳ db/seeds.rb:15
  [1m[36mPatient Create (0.5ms)[0m  [1m[32mINSERT INTO "patients" ("first_name", "created_at", "updated_at") VALUES (?, ?, ?)[0m  [["first_name", "Illustrious Hyperion III"], ["created_at", "2020-02-06 11:28:53.683916"], ["updated_at", "2020-02-06 11:28:53.683916"]]
  ↳ db/seeds.rb:15
  [1m[35m (11.1ms)[0m  [1m[36mcommit transaction[0m
  ↳ db/seeds.rb:15
  [1m[35m (0.1ms)[0m  [1m[36mbegin transaction[0m
  ↳ db/seeds.rb:16
  [1m[36mDoctor Create (0.5ms)[0m  [1m[32mINSERT INTO "doctors" ("first_name", "created_at", "updated_at") VALUES (?, ?, ?)[0m  [["first_name", "Tom Bombadil"], ["created_at", "2020-02-06 11:28:53.700561"], ["updated_at", "2020-02-06 11:28:53.700561"]]
  ↳ db/seeds.rb:16
  [1m[35m (16.8ms)[0m  [1m[36mcommit transaction[0m
  ↳ db/seeds.rb:16
  [1m[35m (0.1ms)[0m  [1m[36mbegin transaction[0m
  ↳ db/seeds.rb:15
  [1m[36mPatient Create (0.5ms)[0m  [1m[32mINSERT INTO "patients" ("first_name", "created_at", "updated_at") VALUES (?, ?, ?)[0m  [["first_name", "Warpath Thirteen"], ["created_at", "2020-02-06 11:28:53.724321"], ["updated_at", "2020-02-06 11:28:53.724321"]]
  ↳ db/seeds.rb:15
  [1m[35m (10.7ms)[0m  [1m[36mcommit transaction[0m
  ↳ db/seeds.rb:15
  [1m[35m (0.1ms)[0m  [1m[36mbegin transaction[0m
  ↳ db/seeds.rb:16
  [1m[36mDoctor Create (0.3ms)[0m  [1m[32mINSERT INTO "doctors" ("first_name", "created_at", "updated_at") VALUES (?, ?, ?)[0m  [["first_name", "Théoden"], ["created_at", "2020-02-06 11:28:53.738064"], ["updated_at", "2020-02-06 11:28:53.738064"]]
  ↳ db/seeds.rb:16
  [1m[35m (7.0ms)[0m  [1m[36mcommit transaction[0m
  ↳ db/seeds.rb:16
  [1m[35m (0.1ms)[0m  [1m[36mbegin transaction[0m
  ↳ db/seeds.rb:15
  [1m[36mPatient Create (0.4ms)[0m  [1m[32mINSERT INTO "patients" ("first_name", "created_at", "updated_at") VALUES (?, ?, ?)[0m  [["first_name", "Red White Queen"], ["created_at", "2020-02-06 11:28:53.750803"], ["updated_at", "2020-02-06 11:28:53.750803"]]
  ↳ db/seeds.rb:15
  [1m[35m (7.7ms)[0m  [1m[36mcommit transaction[0m
  ↳ db/seeds.rb:15
  [1m[35m (0.1ms)[0m  [1m[36mbegin transaction[0m
  ↳ db/seeds.rb:16
  [1m[36mDoctor Create (0.5ms)[0m  [1m[32mINSERT INTO "doctors" ("first_name", "created_at", "updated_at") VALUES (?, ?, ?)[0m  [["first_name", "Elrond"], ["created_at", "2020-02-06 11:28:53.763749"], ["updated_at", "2020-02-06 11:28:53.763749"]]
  ↳ db/seeds.rb:16
  [1m[35m (17.5ms)[0m  [1m[36mcommit transaction[0m
  ↳ db/seeds.rb:16
  [1m[35m (0.1ms)[0m  [1m[36mbegin transaction[0m
  ↳ db/seeds.rb:15
  [1m[36mPatient Create (0.5ms)[0m  [1m[32mINSERT INTO "patients" ("first_name", "created_at", "updated_at") VALUES (?, ?, ?)[0m  [["first_name", "Ego"], ["created_at", "2020-02-06 11:28:53.786930"], ["updated_at", "2020-02-06 11:28:53.786930"]]
  ↳ db/seeds.rb:15
  [1m[35m (7.6ms)[0m  [1m[36mcommit transaction[0m
  ↳ db/seeds.rb:15
  [1m[35m (0.1ms)[0m  [1m[36mbegin transaction[0m
  ↳ db/seeds.rb:16
  [1m[36mDoctor Create (1.3ms)[0m  [1m[32mINSERT INTO "doctors" ("first_name", "created_at", "updated_at") VALUES (?, ?, ?)[0m  [["first_name", "Gimli"], ["created_at", "2020-02-06 11:28:53.801138"], ["updated_at", "2020-02-06 11:28:53.801138"]]
  ↳ db/seeds.rb:16
  [1m[35m (13.8ms)[0m  [1m[36mcommit transaction[0m
  ↳ db/seeds.rb:16
  [1m[35m (0.1ms)[0m  [1m[36mbegin transaction[0m
  ↳ db/seeds.rb:15
  [1m[36mPatient Create (0.5ms)[0m  [1m[32mINSERT INTO "patients" ("first_name", "created_at", "updated_at") VALUES (?, ?, ?)[0m  [["first_name", "Captain Animal IX"], ["created_at", "2020-02-06 11:28:53.820480"], ["updated_at", "2020-02-06 11:28:53.820480"]]
  ↳ db/seeds.rb:15
  [1m[35m (7.3ms)[0m  [1m[36mcommit transaction[0m
  ↳ db/seeds.rb:15
  [1m[35m (0.1ms)[0m  [1m[36mbegin transaction[0m
  ↳ db/seeds.rb:16
  [1m[36mDoctor Create (0.4ms)[0m  [1m[32mINSERT INTO "doctors" ("first_name", "created_at", "updated_at") VALUES (?, ?, ?)[0m  [["first_name", "Arwen Evenstar"], ["created_at", "2020-02-06 11:28:53.845180"], ["updated_at", "2020-02-06 11:28:53.845180"]]
  ↳ db/seeds.rb:16
  [1m[35m (6.9ms)[0m  [1m[36mcommit transaction[0m
  ↳ db/seeds.rb:16
  [1m[35m (0.2ms)[0m  [1m[36mbegin transaction[0m
  ↳ db/seeds.rb:15
  [1m[36mPatient Create (0.7ms)[0m  [1m[32mINSERT INTO "patients" ("first_name", "created_at", "updated_at") VALUES (?, ?, ?)[0m  [["first_name", "Ultra Trickster Ivy"], ["created_at", "2020-02-06 11:28:53.857691"], ["updated_at", "2020-02-06 11:28:53.857691"]]
  ↳ db/seeds.rb:15
  [1m[35m (7.1ms)[0m  [1m[36mcommit transaction[0m
  ↳ db/seeds.rb:15
  [1m[35m (0.1ms)[0m  [1m[36mbegin transaction[0m
  ↳ db/seeds.rb:16
  [1m[36mDoctor Create (0.5ms)[0m  [1m[32mINSERT INTO "doctors" ("first_name", "created_at", "updated_at") VALUES (?, ?, ?)[0m  [["first_name", "Tom Bombadil"], ["created_at", "2020-02-06 11:28:53.870768"], ["updated_at", "2020-02-06 11:28:53.870768"]]
  ↳ db/seeds.rb:16
  [1m[35m (6.5ms)[0m  [1m[36mcommit transaction[0m
  ↳ db/seeds.rb:16
  [1m[35m (0.1ms)[0m  [1m[36mbegin transaction[0m
  ↳ db/seeds.rb:15
  [1m[36mPatient Create (0.3ms)[0m  [1m[32mINSERT INTO "patients" ("first_name", "created_at", "updated_at") VALUES (?, ?, ?)[0m  [["first_name", "The ERG"], ["created_at", "2020-02-06 11:28:53.882293"], ["updated_at", "2020-02-06 11:28:53.882293"]]
  ↳ db/seeds.rb:15
  [1m[35m (9.7ms)[0m  [1m[36mcommit transaction[0m
  ↳ db/seeds.rb:15
  [1m[35m (0.1ms)[0m  [1m[36mbegin transaction[0m
  ↳ db/seeds.rb:16
  [1m[36mDoctor Create (0.5ms)[0m  [1m[32mINSERT INTO "doctors" ("first_name", "created_at", "updated_at") VALUES (?, ?, ?)[0m  [["first_name", "Quickbeam"], ["created_at", "2020-02-06 11:28:53.897045"], ["updated_at", "2020-02-06 11:28:53.897045"]]
  ↳ db/seeds.rb:16
  [1m[35m (13.8ms)[0m  [1m[36mcommit transaction[0m
  ↳ db/seeds.rb:16
  [1m[35m (0.1ms)[0m  [1m[36mbegin transaction[0m
  ↳ db/seeds.rb:15
  [1m[36mPatient Create (0.4ms)[0m  [1m[32mINSERT INTO "patients" ("first_name", "created_at", "updated_at") VALUES (?, ?, ?)[0m  [["first_name", "Illustrious Sentry"], ["created_at", "2020-02-06 11:28:53.917009"], ["updated_at", "2020-02-06 11:28:53.917009"]]
  ↳ db/seeds.rb:15
  [1m[35m (7.2ms)[0m  [1m[36mcommit transaction[0m
  ↳ db/seeds.rb:15
  [1m[35m (0.1ms)[0m  [1m[36mbegin transaction[0m
  ↳ db/seeds.rb:16
  [1m[36mDoctor Create (0.6ms)[0m  [1m[32mINSERT INTO "doctors" ("first_name", "created_at", "updated_at") VALUES (?, ?, ?)[0m  [["first_name", "Bilbo Baggins"], ["created_at", "2020-02-06 11:28:53.929937"], ["updated_at", "2020-02-06 11:28:53.929937"]]
  ↳ db/seeds.rb:16
  [1m[35m (16.0ms)[0m  [1m[36mcommit transaction[0m
  ↳ db/seeds.rb:16
  [1m[35m (0.1ms)[0m  [1m[36mbegin transaction[0m
  ↳ db/seeds.rb:15
  [1m[36mPatient Create (0.4ms)[0m  [1m[32mINSERT INTO "patients" ("first_name", "created_at", "updated_at") VALUES (?, ?, ?)[0m  [["first_name", "Ajax"], ["created_at", "2020-02-06 11:28:53.952273"], ["updated_at", "2020-02-06 11:28:53.952273"]]
  ↳ db/seeds.rb:15
  [1m[35m (7.0ms)[0m  [1m[36mcommit transaction[0m
  ↳ db/seeds.rb:15
  [1m[35m (0.1ms)[0m  [1m[36mbegin transaction[0m
  ↳ db/seeds.rb:16
  [1m[36mDoctor Create (0.6ms)[0m  [1m[32mINSERT INTO "doctors" ("first_name", "created_at", "updated_at") VALUES (?, ?, ?)[0m  [["first_name", "Gimli"], ["created_at", "2020-02-06 11:28:53.964900"], ["updated_at", "2020-02-06 11:28:53.964900"]]
  ↳ db/seeds.rb:16
  [1m[35m (10.4ms)[0m  [1m[36mcommit transaction[0m
  ↳ db/seeds.rb:16
  [1m[35m (0.1ms)[0m  [1m[36mbegin transaction[0m
  ↳ db/seeds.rb:15
  [1m[36mPatient Create (0.5ms)[0m  [1m[32mINSERT INTO "patients" ("first_name", "created_at", "updated_at") VALUES (?, ?, ?)[0m  [["first_name", "General Booster Gold"], ["created_at", "2020-02-06 11:28:53.980800"], ["updated_at", "2020-02-06 11:28:53.980800"]]
  ↳ db/seeds.rb:15
  [1m[35m (10.0ms)[0m  [1m[36mcommit transaction[0m
  ↳ db/seeds.rb:15
  [1m[35m (0.1ms)[0m  [1m[36mbegin transaction[0m
  ↳ db/seeds.rb:16
  [1m[36mDoctor Create (0.5ms)[0m  [1m[32mINSERT INTO "doctors" ("first_name", "created_at", "updated_at") VALUES (?, ?, ?)[0m  [["first_name", "Elrond"], ["created_at", "2020-02-06 11:28:53.996603"], ["updated_at", "2020-02-06 11:28:53.996603"]]
  ↳ db/seeds.rb:16
  [1m[35m (13.1ms)[0m  [1m[36mcommit transaction[0m
  ↳ db/seeds.rb:16
  [1m[35m (0.1ms)[0m  [1m[36mbegin transaction[0m
  ↳ db/seeds.rb:15
  [1m[36mPatient Create (0.4ms)[0m  [1m[32mINSERT INTO "patients" ("first_name", "created_at", "updated_at") VALUES (?, ?, ?)[0m  [["first_name", "Dark Cy-Gor"], ["created_at", "2020-02-06 11:28:54.014687"], ["updated_at", "2020-02-06 11:28:54.014687"]]
  ↳ db/seeds.rb:15
  [1m[35m (10.0ms)[0m  [1m[36mcommit transaction[0m
  ↳ db/seeds.rb:15
  [1m[35m (0.1ms)[0m  [1m[36mbegin transaction[0m
  ↳ db/seeds.rb:16
  [1m[36mDoctor Create (0.5ms)[0m  [1m[32mINSERT INTO "doctors" ("first_name", "created_at", "updated_at") VALUES (?, ?, ?)[0m  [["first_name", "Quickbeam"], ["created_at", "2020-02-06 11:28:54.030355"], ["updated_at", "2020-02-06 11:28:54.030355"]]
  ↳ db/seeds.rb:16
  [1m[35m (10.5ms)[0m  [1m[36mcommit transaction[0m
  ↳ db/seeds.rb:16
  [1m[35m (0.1ms)[0m  [1m[36mbegin transaction[0m
  ↳ db/seeds.rb:15
  [1m[36mPatient Create (0.4ms)[0m  [1m[32mINSERT INTO "patients" ("first_name", "created_at", "updated_at") VALUES (?, ?, ?)[0m  [["first_name", "Spectre Lord"], ["created_at", "2020-02-06 11:28:54.046918"], ["updated_at", "2020-02-06 11:28:54.046918"]]
  ↳ db/seeds.rb:15
  [1m[35m (16.6ms)[0m  [1m[36mcommit transaction[0m
  ↳ db/seeds.rb:15
  [1m[35m (0.1ms)[0m  [1m[36mbegin transaction[0m
  ↳ db/seeds.rb:16
  [1m[36mDoctor Create (0.4ms)[0m  [1m[32mINSERT INTO "doctors" ("first_name", "created_at", "updated_at") VALUES (?, ?, ?)[0m  [["first_name", "Arwen Evenstar"], ["created_at", "2020-02-06 11:28:54.067395"], ["updated_at", "2020-02-06 11:28:54.067395"]]
  ↳ db/seeds.rb:16
  [1m[35m (7.0ms)[0m  [1m[36mcommit transaction[0m
  ↳ db/seeds.rb:16
  [1m[35m (0.1ms)[0m  [1m[36mbegin transaction[0m
  ↳ db/seeds.rb:15
  [1m[36mPatient Create (0.5ms)[0m  [1m[32mINSERT INTO "patients" ("first_name", "created_at", "updated_at") VALUES (?, ?, ?)[0m  [["first_name", "Captain Speedy"], ["created_at", "2020-02-06 11:28:54.078434"], ["updated_at", "2020-02-06 11:28:54.078434"]]
  ↳ db/seeds.rb:15
  [1m[35m (14.1ms)[0m  [1m[36mcommit transaction[0m
  ↳ db/seeds.rb:15
  [1m[35m (0.1ms)[0m  [1m[36mbegin transaction[0m
  ↳ db/seeds.rb:16
  [1m[36mDoctor Create (0.5ms)[0m  [1m[32mINSERT INTO "doctors" ("first_name", "created_at", "updated_at") VALUES (?, ?, ?)[0m  [["first_name", "Quickbeam"], ["created_at", "2020-02-06 11:28:54.098161"], ["updated_at", "2020-02-06 11:28:54.098161"]]
  ↳ db/seeds.rb:16
  [1m[35m (6.9ms)[0m  [1m[36mcommit transaction[0m
  ↳ db/seeds.rb:16
  [1m[35m (0.1ms)[0m  [1m[36mbegin transaction[0m
  ↳ db/seeds.rb:15
  [1m[36mPatient Create (0.4ms)[0m  [1m[32mINSERT INTO "patients" ("first_name", "created_at", "updated_at") VALUES (?, ?, ?)[0m  [["first_name", "Dark Deathstroke Brain"], ["created_at", "2020-02-06 11:28:54.110506"], ["updated_at", "2020-02-06 11:28:54.110506"]]
  ↳ db/seeds.rb:15
  [1m[35m (10.2ms)[0m  [1m[36mcommit transaction[0m
  ↳ db/seeds.rb:15
  [1m[35m (0.1ms)[0m  [1m[36mbegin transaction[0m
  ↳ db/seeds.rb:16
  [1m[36mDoctor Create (0.5ms)[0m  [1m[32mINSERT INTO "doctors" ("first_name", "created_at", "updated_at") VALUES (?, ?, ?)[0m  [["first_name", "Samwise Gamgee"], ["created_at", "2020-02-06 11:28:54.126244"], ["updated_at", "2020-02-06 11:28:54.126244"]]
  ↳ db/seeds.rb:16
  [1m[35m (9.6ms)[0m  [1m[36mcommit transaction[0m
  ↳ db/seeds.rb:16
  [1m[35m (0.1ms)[0m  [1m[36mbegin transaction[0m
  ↳ db/seeds.rb:15
  [1m[36mPatient Create (0.4ms)[0m  [1m[32mINSERT INTO "patients" ("first_name", "created_at", "updated_at") VALUES (?, ?, ?)[0m  [["first_name", "Magnificent Genesis Strange"], ["created_at", "2020-02-06 11:28:54.141710"], ["updated_at", "2020-02-06 11:28:54.141710"]]
  ↳ db/seeds.rb:15
  [1m[35m (7.0ms)[0m  [1m[36mcommit transaction[0m
  ↳ db/seeds.rb:15
  [1m[35m (0.1ms)[0m  [1m[36mbegin transaction[0m
  ↳ db/seeds.rb:16
  [1m[36mDoctor Create (0.3ms)[0m  [1m[32mINSERT INTO "doctors" ("first_name", "created_at", "updated_at") VALUES (?, ?, ?)[0m  [["first_name", "Arwen Evenstar"], ["created_at", "2020-02-06 11:28:54.153872"], ["updated_at", "2020-02-06 11:28:54.153872"]]
  ↳ db/seeds.rb:16
  [1m[35m (10.6ms)[0m  [1m[36mcommit transaction[0m
  ↳ db/seeds.rb:16
  [1m[35m (0.1ms)[0m  [1m[36mbegin transaction[0m
  ↳ db/seeds.rb:22
  [1m[36mAppointment Create (0.6ms)[0m  [1m[32mINSERT INTO "appointments" ("date", "created_at", "updated_at", "doctor_id", "patient_id") VALUES (?, ?, ?, ?, ?)[0m  [["date", "2020-07-26 00:00:00"], ["created_at", "2020-02-06 11:28:54.191301"], ["updated_at", "2020-02-06 11:28:54.191301"], ["doctor_id", 39], ["patient_id", 28]]
  ↳ db/seeds.rb:22
  [1m[35m (10.2ms)[0m  [1m[36mcommit transaction[0m
  ↳ db/seeds.rb:22
  [1m[35m (0.1ms)[0m  [1m[36mbegin transaction[0m
  ↳ db/seeds.rb:22
  [1m[36mAppointment Create (0.3ms)[0m  [1m[32mINSERT INTO "appointments" ("date", "created_at", "updated_at", "doctor_id", "patient_id") VALUES (?, ?, ?, ?, ?)[0m  [["date", "2020-06-27 00:00:00"], ["created_at", "2020-02-06 11:28:54.206973"], ["updated_at", "2020-02-06 11:28:54.206973"], ["doctor_id", 40], ["patient_id", 39]]
  ↳ db/seeds.rb:22
  [1m[35m (13.2ms)[0m  [1m[36mcommit transaction[0m
  ↳ db/seeds.rb:22
  [1m[35m (0.1ms)[0m  [1m[36mbegin transaction[0m
  ↳ db/seeds.rb:22
  [1m[36mAppointment Create (0.6ms)[0m  [1m[32mINSERT INTO "appointments" ("date", "created_at", "updated_at", "doctor_id", "patient_id") VALUES (?, ?, ?, ?, ?)[0m  [["date", "2020-06-28 00:00:00"], ["created_at", "2020-02-06 11:28:54.226540"], ["updated_at", "2020-02-06 11:28:54.226540"], ["doctor_id", 36], ["patient_id", 22]]
  ↳ db/seeds.rb:22
  [1m[35m (12.4ms)[0m  [1m[36mcommit transaction[0m
  ↳ db/seeds.rb:22
  [1m[35m (0.1ms)[0m  [1m[36mbegin transaction[0m
  ↳ db/seeds.rb:22
  [1m[36mAppointment Create (0.4ms)[0m  [1m[32mINSERT INTO "appointments" ("date", "created_at", "updated_at", "doctor_id", "patient_id") VALUES (?, ?, ?, ?, ?)[0m  [["date", "2020-02-15 00:00:00"], ["created_at", "2020-02-06 11:28:54.245418"], ["updated_at", "2020-02-06 11:28:54.245418"], ["doctor_id", 34], ["patient_id", 22]]
  ↳ db/seeds.rb:22
  [1m[35m (7.8ms)[0m  [1m[36mcommit transaction[0m
  ↳ db/seeds.rb:22
  [1m[35m (0.2ms)[0m  [1m[36mbegin transaction[0m
  ↳ db/seeds.rb:22
  [1m[36mAppointment Create (0.6ms)[0m  [1m[32mINSERT INTO "appointments" ("date", "created_at", "updated_at", "doctor_id", "patient_id") VALUES (?, ?, ?, ?, ?)[0m  [["date", "2020-06-25 00:00:00"], ["created_at", "2020-02-06 11:28:54.260197"], ["updated_at", "2020-02-06 11:28:54.260197"], ["doctor_id", 32], ["patient_id", 27]]
  ↳ db/seeds.rb:22
  [1m[35m (7.3ms)[0m  [1m[36mcommit transaction[0m
  ↳ db/seeds.rb:22
  [1m[35m (0.1ms)[0m  [1m[36mbegin transaction[0m
  ↳ db/seeds.rb:22
  [1m[36mAppointment Create (0.3ms)[0m  [1m[32mINSERT INTO "appointments" ("date", "created_at", "updated_at", "doctor_id", "patient_id") VALUES (?, ?, ?, ?, ?)[0m  [["date", "2020-05-27 00:00:00"], ["created_at", "2020-02-06 11:28:54.273710"], ["updated_at", "2020-02-06 11:28:54.273710"], ["doctor_id", 38], ["patient_id", 39]]
  ↳ db/seeds.rb:22
  [1m[35m (9.8ms)[0m  [1m[36mcommit transaction[0m
  ↳ db/seeds.rb:22
  [1m[35m (0.1ms)[0m  [1m[36mbegin transaction[0m
  ↳ db/seeds.rb:22
  [1m[36mAppointment Create (0.6ms)[0m  [1m[32mINSERT INTO "appointments" ("date", "created_at", "updated_at", "doctor_id", "patient_id") VALUES (?, ?, ?, ?, ?)[0m  [["date", "2020-05-02 00:00:00"], ["created_at", "2020-02-06 11:28:54.288196"], ["updated_at", "2020-02-06 11:28:54.288196"], ["doctor_id", 23], ["patient_id", 29]]
  ↳ db/seeds.rb:22
  [1m[35m (10.2ms)[0m  [1m[36mcommit transaction[0m
  ↳ db/seeds.rb:22
  [1m[35m (0.1ms)[0m  [1m[36mbegin transaction[0m
  ↳ db/seeds.rb:22
  [1m[36mAppointment Create (0.3ms)[0m  [1m[32mINSERT INTO "appointments" ("date", "created_at", "updated_at", "doctor_id", "patient_id") VALUES (?, ?, ?, ?, ?)[0m  [["date", "2020-02-17 00:00:00"], ["created_at", "2020-02-06 11:28:54.303884"], ["updated_at", "2020-02-06 11:28:54.303884"], ["doctor_id", 32], ["patient_id", 27]]
  ↳ db/seeds.rb:22
  [1m[35m (6.7ms)[0m  [1m[36mcommit transaction[0m
  ↳ db/seeds.rb:22
  [1m[35m (0.1ms)[0m  [1m[36mbegin transaction[0m
  ↳ db/seeds.rb:22
  [1m[36mAppointment Create (0.5ms)[0m  [1m[32mINSERT INTO "appointments" ("date", "created_at", "updated_at", "doctor_id", "patient_id") VALUES (?, ?, ?, ?, ?)[0m  [["date", "2020-03-01 00:00:00"], ["created_at", "2020-02-06 11:28:54.314823"], ["updated_at", "2020-02-06 11:28:54.314823"], ["doctor_id", 25], ["patient_id", 27]]
  ↳ db/seeds.rb:22
  [1m[35m (10.8ms)[0m  [1m[36mcommit transaction[0m
  ↳ db/seeds.rb:22
  [1m[35m (0.1ms)[0m  [1m[36mbegin transaction[0m
  ↳ db/seeds.rb:22
  [1m[36mAppointment Create (0.6ms)[0m  [1m[32mINSERT INTO "appointments" ("date", "created_at", "updated_at", "doctor_id", "patient_id") VALUES (?, ?, ?, ?, ?)[0m  [["date", "2020-05-30 00:00:00"], ["created_at", "2020-02-06 11:28:54.332203"], ["updated_at", "2020-02-06 11:28:54.332203"], ["doctor_id", 33], ["patient_id", 25]]
  ↳ db/seeds.rb:22
  [1m[35m (10.4ms)[0m  [1m[36mcommit transaction[0m
  ↳ db/seeds.rb:22
  [1m[35m (0.1ms)[0m  [1m[36mbegin transaction[0m
  ↳ db/seeds.rb:22
  [1m[36mAppointment Create (0.5ms)[0m  [1m[32mINSERT INTO "appointments" ("date", "created_at", "updated_at", "doctor_id", "patient_id") VALUES (?, ?, ?, ?, ?)[0m  [["date", "2020-05-08 00:00:00"], ["created_at", "2020-02-06 11:28:54.348567"], ["updated_at", "2020-02-06 11:28:54.348567"], ["doctor_id", 21], ["patient_id", 27]]
  ↳ db/seeds.rb:22
  [1m[35m (13.1ms)[0m  [1m[36mcommit transaction[0m
  ↳ db/seeds.rb:22
  [1m[35m (0.1ms)[0m  [1m[36mbegin transaction[0m
  ↳ db/seeds.rb:22
  [1m[36mAppointment Create (0.7ms)[0m  [1m[32mINSERT INTO "appointments" ("date", "created_at", "updated_at", "doctor_id", "patient_id") VALUES (?, ?, ?, ?, ?)[0m  [["date", "2020-06-11 00:00:00"], ["created_at", "2020-02-06 11:28:54.366692"], ["updated_at", "2020-02-06 11:28:54.366692"], ["doctor_id", 36], ["patient_id", 40]]
  ↳ db/seeds.rb:22
  [1m[35m (7.1ms)[0m  [1m[36mcommit transaction[0m
  ↳ db/seeds.rb:22
  [1m[35m (0.1ms)[0m  [1m[36mbegin transaction[0m
  ↳ db/seeds.rb:22
  [1m[36mAppointment Create (0.5ms)[0m  [1m[32mINSERT INTO "appointments" ("date", "created_at", "updated_at", "doctor_id", "patient_id") VALUES (?, ?, ?, ?, ?)[0m  [["date", "2020-02-10 00:00:00"], ["created_at", "2020-02-06 11:28:54.381796"], ["updated_at", "2020-02-06 11:28:54.381796"], ["doctor_id", 40], ["patient_id", 26]]
  ↳ db/seeds.rb:22
  [1m[35m (7.3ms)[0m  [1m[36mcommit transaction[0m
  ↳ db/seeds.rb:22
  [1m[35m (0.1ms)[0m  [1m[36mbegin transaction[0m
  ↳ db/seeds.rb:22
  [1m[36mAppointment Create (0.5ms)[0m  [1m[32mINSERT INTO "appointments" ("date", "created_at", "updated_at", "doctor_id", "patient_id") VALUES (?, ?, ?, ?, ?)[0m  [["date", "2020-07-22 00:00:00"], ["created_at", "2020-02-06 11:28:54.395890"], ["updated_at", "2020-02-06 11:28:54.395890"], ["doctor_id", 23], ["patient_id", 33]]
  ↳ db/seeds.rb:22
  [1m[35m (7.0ms)[0m  [1m[36mcommit transaction[0m
  ↳ db/seeds.rb:22
  [1m[35m (0.1ms)[0m  [1m[36mbegin transaction[0m
  ↳ db/seeds.rb:22
  [1m[36mAppointment Create (0.3ms)[0m  [1m[32mINSERT INTO "appointments" ("date", "created_at", "updated_at", "doctor_id", "patient_id") VALUES (?, ?, ?, ?, ?)[0m  [["date", "2020-05-20 00:00:00"], ["created_at", "2020-02-06 11:28:54.408718"], ["updated_at", "2020-02-06 11:28:54.408718"], ["doctor_id", 31], ["patient_id", 31]]
  ↳ db/seeds.rb:22
  [1m[35m (11.4ms)[0m  [1m[36mcommit transaction[0m
  ↳ db/seeds.rb:22
  [1m[35m (0.1ms)[0m  [1m[36mbegin transaction[0m
  ↳ db/seeds.rb:22
  [1m[36mAppointment Create (0.8ms)[0m  [1m[32mINSERT INTO "appointments" ("date", "created_at", "updated_at", "doctor_id", "patient_id") VALUES (?, ?, ?, ?, ?)[0m  [["date", "2020-06-26 00:00:00"], ["created_at", "2020-02-06 11:28:54.426080"], ["updated_at", "2020-02-06 11:28:54.426080"], ["doctor_id", 31], ["patient_id", 25]]
  ↳ db/seeds.rb:22
  [1m[35m (14.2ms)[0m  [1m[36mcommit transaction[0m
  ↳ db/seeds.rb:22
  [1m[35m (0.1ms)[0m  [1m[36mbegin transaction[0m
  ↳ db/seeds.rb:22
  [1m[36mAppointment Create (0.5ms)[0m  [1m[32mINSERT INTO "appointments" ("date", "created_at", "updated_at", "doctor_id", "patient_id") VALUES (?, ?, ?, ?, ?)[0m  [["date", "2020-04-12 00:00:00"], ["created_at", "2020-02-06 11:28:54.447395"], ["updated_at", "2020-02-06 11:28:54.447395"], ["doctor_id", 22], ["patient_id", 25]]
  ↳ db/seeds.rb:22
  [1m[35m (7.0ms)[0m  [1m[36mcommit transaction[0m
  ↳ db/seeds.rb:22
  [1m[35m (0.1ms)[0m  [1m[36mbegin transaction[0m
  ↳ db/seeds.rb:22
  [1m[36mAppointment Create (0.6ms)[0m  [1m[32mINSERT INTO "appointments" ("date", "created_at", "updated_at", "doctor_id", "patient_id") VALUES (?, ?, ?, ?, ?)[0m  [["date", "2020-05-09 00:00:00"], ["created_at", "2020-02-06 11:28:54.461538"], ["updated_at", "2020-02-06 11:28:54.461538"], ["doctor_id", 39], ["patient_id", 35]]
  ↳ db/seeds.rb:22
  [1m[35m (14.3ms)[0m  [1m[36mcommit transaction[0m
  ↳ db/seeds.rb:22
  [1m[35m (0.1ms)[0m  [1m[36mbegin transaction[0m
  ↳ db/seeds.rb:22
  [1m[36mAppointment Create (0.5ms)[0m  [1m[32mINSERT INTO "appointments" ("date", "created_at", "updated_at", "doctor_id", "patient_id") VALUES (?, ?, ?, ?, ?)[0m  [["date", "2020-07-12 00:00:00"], ["created_at", "2020-02-06 11:28:54.483086"], ["updated_at", "2020-02-06 11:28:54.483086"], ["doctor_id", 33], ["patient_id", 30]]
  ↳ db/seeds.rb:22
  [1m[35m (10.6ms)[0m  [1m[36mcommit transaction[0m
  ↳ db/seeds.rb:22
  [1m[35m (0.1ms)[0m  [1m[36mbegin transaction[0m
  ↳ db/seeds.rb:22
  [1m[36mAppointment Create (0.6ms)[0m  [1m[32mINSERT INTO "appointments" ("date", "created_at", "updated_at", "doctor_id", "patient_id") VALUES (?, ?, ?, ?, ?)[0m  [["date", "2020-02-10 00:00:00"], ["created_at", "2020-02-06 11:28:54.500119"], ["updated_at", "2020-02-06 11:28:54.500119"], ["doctor_id", 26], ["patient_id", 29]]
  ↳ db/seeds.rb:22
  [1m[35m (9.7ms)[0m  [1m[36mcommit transaction[0m
  ↳ db/seeds.rb:22
  [1m[36mAppointment Load (0.6ms)[0m  [1m[34mSELECT "appointments".* FROM "appointments"[0m
  [1m[36mDoctor Load (0.2ms)[0m  [1m[34mSELECT  "doctors".* FROM "doctors" LIMIT ?[0m  [["LIMIT", 11]]
  [1m[36mDoctor Load (0.4ms)[0m  [1m[34mSELECT "doctors".* FROM "doctors"[0m
  [1m[36mDoctor Load (0.2ms)[0m  [1m[34mSELECT  "doctors".* FROM "doctors" WHERE "doctors"."id" = ? LIMIT ?[0m  [["id", 33], ["LIMIT", 1]]
  [1m[36mAppointment Load (0.4ms)[0m  [1m[34mSELECT  "appointments".* FROM "appointments" WHERE "appointments"."doctor_id" = ? LIMIT ?[0m  [["doctor_id", 33], ["LIMIT", 11]]
  [1m[36mAppointment Load (0.4ms)[0m  [1m[34mSELECT "appointments".* FROM "appointments" WHERE "appointments"."doctor_id" = ?[0m  [["doctor_id", 33]]
